<?xml version="1.0" encoding="UTF-8"?>
<testng-results ignored="0" total="1" passed="0" failed="1" skipped="0">
  <reporter-output>
  </reporter-output>
  <suite started-at="2023-03-20T22:19:28 IST" name="Default suite" finished-at="2023-03-20T22:21:16 IST" duration-ms="107402">
    <groups>
      <group name="cucumber">
        <method signature="AbstractTestNGCucumberTests.runScenario(io.cucumber.testng.PickleWrapper,io.cucumber.testng.FeatureWrapper)[pri:0, instance:Runner.LumaRunner@4f80542f]" name="runScenario" class="io.cucumber.testng.AbstractTestNGCucumberTests"/>
      </group> <!-- cucumber -->
    </groups>
    <test started-at="2023-03-20T22:19:28 IST" name="Default test" finished-at="2023-03-20T22:21:16 IST" duration-ms="107402">
      <class name="Runner.LumaRunner">
        <test-method is-config="true" signature="setUpClass(org.testng.ITestContext)[pri:0, instance:Runner.LumaRunner@4f80542f]" started-at="2023-03-20T22:19:28 IST" name="setUpClass" finished-at="2023-03-20T22:19:29 IST" duration-ms="949" status="PASS">
          <params>
            <param index="0">
              <value>
                <![CDATA[org.testng.TestRunner@25d958c6]]>
              </value>
            </param>
          </params>
          <reporter-output>
          </reporter-output>
        </test-method> <!-- setUpClass -->
        <test-method signature="runScenario(io.cucumber.testng.PickleWrapper,io.cucumber.testng.FeatureWrapper)[pri:0, instance:Runner.LumaRunner@4f80542f]" started-at="2023-03-20T22:19:29 IST" name="runScenario" description="Runs Cucumber Scenarios" data-provider="scenarios" finished-at="2023-03-20T22:21:05 IST" duration-ms="95557" status="FAIL">
          <params>
            <param index="0">
              <value>
                <![CDATA["Ordering overnight duffer bag"]]>
              </value>
            </param>
            <param index="1">
              <value>
                <![CDATA["checking modole Lume Bags"]]>
              </value>
            </param>
          </params>
          <exception class="java.lang.AssertionError">
            <message>
              <![CDATA[expected [You added Overnight Duffle to your ] but found [[[ChromeDriver: chrome on WINDOWS (d1ee59797f7951d7aba3373190311bc2)] -> xpath: //div[@data-bind="html: $parent.prepareMessageForHtml(message.text)"]]]]]>
            </message>
            <full-stacktrace>
              <![CDATA[java.lang.AssertionError: expected [You added Overnight Duffle to your ] but found [[[ChromeDriver: chrome on WINDOWS (d1ee59797f7951d7aba3373190311bc2)] -> xpath: //div[@data-bind="html: $parent.prepareMessageForHtml(message.text)"]]]
at org.testng.Assert.fail(Assert.java:99)
at org.testng.Assert.failNotEquals(Assert.java:1037)
at org.testng.Assert.assertEqualsImpl(Assert.java:140)
at org.testng.Assert.assertEquals(Assert.java:122)
at org.testng.Assert.assertEquals(Assert.java:617)
at stepdefinition.LumaStepDefinition.user_should_be_able_to_see_this_message(LumaStepDefinition.java:59)
at âœ½.user should be able to see "You added Overnight Duffle to your " this message(file:///C:/Users/Admin/eclipse-workspace/Selenium_Cumcumber/src/test/resources/Features/Luma.feature:11)
]]>
            </full-stacktrace>
          </exception> <!-- java.lang.AssertionError -->
          <reporter-output>
          </reporter-output>
        </test-method> <!-- runScenario -->
        <test-method is-config="true" signature="tearDownClass()[pri:0, instance:Runner.LumaRunner@4f80542f]" started-at="2023-03-20T22:21:05 IST" name="tearDownClass" finished-at="2023-03-20T22:21:15 IST" duration-ms="10826" status="PASS">
          <reporter-output>
          </reporter-output>
        </test-method> <!-- tearDownClass -->
      </class> <!-- Runner.LumaRunner -->
    </test> <!-- Default test -->
  </suite> <!-- Default suite -->
</testng-results>
