<?xml version="1.0" encoding="UTF-8"?>
<!-- Generated by org.testng.reporters.JUnitReportReporter -->
<testsuite hostname="DESKTOP-4CVSFD9" failures="1" tests="3" name="Runner.RunnerQRM" time="95.029" errors="0" timestamp="2023-03-21T10:08:31 IST" skipped="0">
  <testcase classname="Runner.RunnerQRM" name="runScenario" time="43.629"/>
  <system-out/>
  <testcase classname="Runner.RunnerQRM" name="runScenario" time="17.402">
    <failure message="expected [OrangeHRM1] but found [OrangeHRM]" type="java.lang.AssertionError">
      <![CDATA[java.lang.AssertionError: expected [OrangeHRM1] but found [OrangeHRM]
at org.testng.Assert.fail(Assert.java:99)
at org.testng.Assert.failNotEquals(Assert.java:1037)
at org.testng.Assert.assertEqualsImpl(Assert.java:140)
at org.testng.Assert.assertEquals(Assert.java:122)
at org.testng.Assert.assertEquals(Assert.java:629)
at org.testng.Assert.assertEquals(Assert.java:639)
at stepdefinition.QRMstepDefinition.user_navigate_to_home_page_of_qrm_page(QRMstepDefinition.java:50)
at âœ½.user navigate to home page of qrm page(file:///C:/Users/Admin/eclipse-workspace/Selenium_Cumcumber/src/test/resources/Features/QRM.feature:9)
]]>
    </failure>
  </testcase> <!-- runScenario -->
  <system-out/>
  <testcase classname="Runner.RunnerQRM" name="runScenario" time="33.998"/>
  <system-out/>
</testsuite> <!-- Runner.RunnerQRM -->
