<?xml version="1.0" encoding="UTF-8"?>
<!-- Generated by org.testng.reporters.JUnitReportReporter -->
<testsuite hostname="DESKTOP-4CVSFD9" failures="2" tests="2" name="Runner.FailedRunnerClass" time="26.195" errors="0" timestamp="2022-11-16T22:51:06 IST" skipped="0">
  <testcase classname="Runner.FailedRunnerClass" name="runScenario" time="11.362">
    <failure message="expected [OrangeHRM1] but found [OrangeHRM]" type="java.lang.AssertionError">
      <![CDATA[java.lang.AssertionError: expected [OrangeHRM1] but found [OrangeHRM]
at org.testng.Assert.fail(Assert.java:99)
at org.testng.Assert.failNotEquals(Assert.java:1037)
at org.testng.Assert.assertEqualsImpl(Assert.java:140)
at org.testng.Assert.assertEquals(Assert.java:122)
at org.testng.Assert.assertEquals(Assert.java:629)
at org.testng.Assert.assertEquals(Assert.java:639)
at stepdefinition.QRMstepDefinition.user_navigates_to_reset_password_page(QRMstepDefinition.java:52)
at ✽.user navigates to reset password page(file:///C:/Users/Admin/eclipse-workspace/Selenium_Cumcumber/src/test/resources/Features/QRM.feature:13)
]]>
    </failure>
  </testcase> <!-- runScenario -->
  <system-out/>
  <testcase classname="Runner.FailedRunnerClass" name="runScenario" time="14.833">
    <failure message="expected [OrangeHRM1] but found [OrangeHRM]" type="java.lang.AssertionError">
      <![CDATA[java.lang.AssertionError: expected [OrangeHRM1] but found [OrangeHRM]
at org.testng.Assert.fail(Assert.java:99)
at org.testng.Assert.failNotEquals(Assert.java:1037)
at org.testng.Assert.assertEqualsImpl(Assert.java:140)
at org.testng.Assert.assertEquals(Assert.java:122)
at org.testng.Assert.assertEquals(Assert.java:629)
at org.testng.Assert.assertEquals(Assert.java:639)
at stepdefinition.QRMstepDefinition.user_navigate_to_home_page_of_qrm_page(QRMstepDefinition.java:41)
at ✽.user navigate to home page of qrm page(file:///C:/Users/Admin/eclipse-workspace/Selenium_Cumcumber/src/test/resources/Features/QRM.feature:7)
]]>
    </failure>
  </testcase> <!-- runScenario -->
  <system-out/>
</testsuite> <!-- Runner.FailedRunnerClass -->
