<?xml version="1.0" encoding="UTF-8"?>
<!-- Generated by org.testng.reporters.JUnitReportReporter -->
<testsuite hostname="DESKTOP-4CVSFD9" failures="1" tests="1" name="Runner.LumaRunner" time="95.557" errors="0" timestamp="2023-03-20T22:21:16 IST" skipped="0">
  <testcase classname="Runner.LumaRunner" name="runScenario" time="95.557">
    <failure message="expected [You added Overnight Duffle to your ] but found [[[ChromeDriver: chrome on WINDOWS (d1ee59797f7951d7aba3373190311bc2)] -&gt; xpath: //div[@data-bind=&quot;html: $parent.prepareMessageForHtml(message.text)&quot;]]]" type="java.lang.AssertionError">
      <![CDATA[java.lang.AssertionError: expected [You added Overnight Duffle to your ] but found [[[ChromeDriver: chrome on WINDOWS (d1ee59797f7951d7aba3373190311bc2)] -> xpath: //div[@data-bind="html: $parent.prepareMessageForHtml(message.text)"]]]
at org.testng.Assert.fail(Assert.java:99)
at org.testng.Assert.failNotEquals(Assert.java:1037)
at org.testng.Assert.assertEqualsImpl(Assert.java:140)
at org.testng.Assert.assertEquals(Assert.java:122)
at org.testng.Assert.assertEquals(Assert.java:617)
at stepdefinition.LumaStepDefinition.user_should_be_able_to_see_this_message(LumaStepDefinition.java:59)
at âœ½.user should be able to see "You added Overnight Duffle to your " this message(file:///C:/Users/Admin/eclipse-workspace/Selenium_Cumcumber/src/test/resources/Features/Luma.feature:11)
]]>
    </failure>
  </testcase> <!-- runScenario -->
  <system-out/>
</testsuite> <!-- Runner.LumaRunner -->
